2025/07/12 12:28:33 [notice] 1#1: using the "epoll" event method
2025/07/12 12:28:33 [notice] 1#1: nginx/1.27.5
2025/07/12 12:28:33 [notice] 1#1: built by gcc 12.2.0 (Debian 12.2.0-14) 
2025/07/12 12:28:33 [notice] 1#1: OS: Linux 6.11.0-29-generic
2025/07/12 12:28:33 [notice] 1#1: getrlimit(RLIMIT_NOFILE): 1024:524288
2025/07/12 12:28:33 [notice] 1#1: start worker processes
2025/07/12 12:28:33 [notice] 1#1: start worker process 21
2025/07/12 12:28:33 [notice] 1#1: start worker process 22
2025/07/12 12:28:33 [notice] 1#1: start worker process 23
2025/07/12 12:28:33 [notice] 1#1: start worker process 24
2025/07/12 12:28:33 [notice] 1#1: start worker process 25
2025/07/12 12:28:33 [notice] 1#1: start worker process 26
2025/07/12 12:28:33 [notice] 1#1: start worker process 27
2025/07/12 12:28:33 [notice] 1#1: start worker process 28
2025/07/12 12:28:33 [notice] 1#1: start worker process 29
2025/07/12 12:28:33 [notice] 1#1: start worker process 30
2025/07/12 12:28:33 [notice] 1#1: start worker process 31
2025/07/12 12:28:33 [notice] 1#1: start worker process 32
2025/07/12 12:28:33 [notice] 1#1: start worker process 33
2025/07/12 12:28:33 [notice] 1#1: start worker process 34
2025/07/12 12:28:33 [notice] 1#1: start worker process 35
2025/07/12 12:28:33 [notice] 1#1: start worker process 36
2025/07/12 12:32:15 [error] 23#23: *8 open() "/static/favicon.ico" failed (2: No such file or directory), client: 172.18.0.1, server: , request: "GET /favicon.ico HTTP/1.1", host: "localhost", referrer: "http://localhost/admin/login/?next=/admin/"
2025/07/12 12:32:21 [error] 25#25: *14 open() "/static/favicon.ico" failed (2: No such file or directory), client: 172.18.0.1, server: , request: "GET /favicon.ico HTTP/1.1", host: "localhost", referrer: "http://localhost/admin/"
2025/07/12 13:23:23 [notice] 1#1: signal 3 (SIGQUIT) received, shutting down
2025/07/12 13:23:23 [notice] 21#21: gracefully shutting down
2025/07/12 13:23:23 [notice] 23#23: gracefully shutting down
2025/07/12 13:23:23 [notice] 22#22: gracefully shutting down
2025/07/12 13:23:23 [notice] 24#24: gracefully shutting down
2025/07/12 13:23:23 [notice] 25#25: gracefully shutting down
2025/07/12 13:23:23 [notice] 27#27: gracefully shutting down
2025/07/12 13:23:23 [notice] 26#26: gracefully shutting down
2025/07/12 13:23:23 [notice] 28#28: gracefully shutting down
2025/07/12 13:23:23 [notice] 29#29: gracefully shutting down
2025/07/12 13:23:23 [notice] 21#21: exiting
2025/07/12 13:23:23 [notice] 30#30: gracefully shutting down
2025/07/12 13:23:23 [notice] 23#23: exiting
2025/07/12 13:23:23 [notice] 33#33: gracefully shutting down
2025/07/12 13:23:23 [notice] 22#22: exiting
2025/07/12 13:23:23 [notice] 31#31: gracefully shutting down
2025/07/12 13:23:23 [notice] 24#24: exiting
2025/07/12 13:23:23 [notice] 25#25: exiting
2025/07/12 13:23:23 [notice] 27#27: exiting
2025/07/12 13:23:23 [notice] 26#26: exiting
2025/07/12 13:23:23 [notice] 28#28: exiting
2025/07/12 13:23:23 [notice] 29#29: exiting
2025/07/12 13:23:23 [notice] 30#30: exiting
2025/07/12 13:23:23 [notice] 33#33: exiting
2025/07/12 13:23:23 [notice] 21#21: exit
2025/07/12 13:23:23 [notice] 31#31: exiting
2025/07/12 13:23:23 [notice] 23#23: exit
2025/07/12 13:23:23 [notice] 22#22: exit
2025/07/12 13:23:23 [notice] 25#25: exit
2025/07/12 13:23:23 [notice] 24#24: exit
2025/07/12 13:23:23 [notice] 27#27: exit
2025/07/12 13:23:23 [notice] 28#28: exit
2025/07/12 13:23:23 [notice] 26#26: exit
2025/07/12 13:23:23 [notice] 29#29: exit
2025/07/12 13:23:23 [notice] 33#33: exit
2025/07/12 13:23:23 [notice] 30#30: exit
2025/07/12 13:23:23 [notice] 31#31: exit
2025/07/12 13:23:23 [notice] 32#32: gracefully shutting down
2025/07/12 13:23:23 [notice] 32#32: exiting
2025/07/12 13:23:23 [notice] 32#32: exit
2025/07/12 13:23:23 [notice] 35#35: gracefully shutting down
2025/07/12 13:23:23 [notice] 35#35: exiting
2025/07/12 13:23:23 [notice] 34#34: gracefully shutting down
2025/07/12 13:23:23 [notice] 36#36: gracefully shutting down
2025/07/12 13:23:23 [notice] 34#34: exiting
2025/07/12 13:23:23 [notice] 36#36: exiting
2025/07/12 13:23:23 [notice] 34#34: exit
2025/07/12 13:23:23 [notice] 36#36: exit
2025/07/12 13:23:23 [notice] 35#35: exit
2025/07/12 13:23:23 [notice] 1#1: signal 17 (SIGCHLD) received from 36
2025/07/12 13:23:23 [notice] 1#1: worker process 36 exited with code 0
2025/07/12 13:23:23 [notice] 1#1: worker process 30 exited with code 0
2025/07/12 13:23:23 [notice] 1#1: signal 29 (SIGIO) received
2025/07/12 13:23:23 [notice] 1#1: signal 17 (SIGCHLD) received from 30
2025/07/12 13:23:23 [notice] 1#1: worker process 22 exited with code 0
2025/07/12 13:23:23 [notice] 1#1: worker process 23 exited with code 0
2025/07/12 13:23:23 [notice] 1#1: signal 29 (SIGIO) received
2025/07/12 13:23:23 [notice] 1#1: signal 17 (SIGCHLD) received from 32
2025/07/12 13:23:23 [notice] 1#1: worker process 32 exited with code 0
2025/07/12 13:23:23 [notice] 1#1: signal 29 (SIGIO) received
2025/07/12 13:23:23 [notice] 1#1: signal 17 (SIGCHLD) received from 26
2025/07/12 13:23:23 [notice] 1#1: worker process 26 exited with code 0
2025/07/12 13:23:23 [notice] 1#1: signal 29 (SIGIO) received
2025/07/12 13:23:23 [notice] 1#1: signal 17 (SIGCHLD) received from 27
2025/07/12 13:23:23 [notice] 1#1: worker process 27 exited with code 0
2025/07/12 13:23:23 [notice] 1#1: worker process 29 exited with code 0
2025/07/12 13:23:23 [notice] 1#1: signal 29 (SIGIO) received
2025/07/12 13:23:23 [notice] 1#1: signal 17 (SIGCHLD) received from 21
2025/07/12 13:23:23 [notice] 1#1: worker process 21 exited with code 0
2025/07/12 13:23:23 [notice] 1#1: signal 29 (SIGIO) received
2025/07/12 13:23:23 [notice] 1#1: signal 17 (SIGCHLD) received from 31
2025/07/12 13:23:23 [notice] 1#1: worker process 31 exited with code 0
2025/07/12 13:23:23 [notice] 1#1: signal 29 (SIGIO) received
2025/07/12 13:23:23 [notice] 1#1: signal 17 (SIGCHLD) received from 25
2025/07/12 13:23:23 [notice] 1#1: worker process 25 exited with code 0
2025/07/12 13:23:23 [notice] 1#1: signal 29 (SIGIO) received
2025/07/12 13:23:23 [notice] 1#1: signal 17 (SIGCHLD) received from 33
2025/07/12 13:23:23 [notice] 1#1: worker process 33 exited with code 0
2025/07/12 13:23:23 [notice] 1#1: worker process 35 exited with code 0
2025/07/12 13:23:23 [notice] 1#1: signal 29 (SIGIO) received
2025/07/12 13:23:23 [notice] 1#1: signal 17 (SIGCHLD) received from 35
2025/07/12 13:23:23 [notice] 1#1: signal 17 (SIGCHLD) received from 24
2025/07/12 13:23:23 [notice] 1#1: worker process 24 exited with code 0
2025/07/12 13:23:23 [notice] 1#1: worker process 34 exited with code 0
2025/07/12 13:23:23 [notice] 1#1: signal 29 (SIGIO) received
2025/07/12 13:23:23 [notice] 1#1: signal 17 (SIGCHLD) received from 28
2025/07/12 13:23:23 [notice] 1#1: worker process 28 exited with code 0
2025/07/12 13:23:23 [notice] 1#1: exit
